<?xml version="1.0" encoding="UTF-8"?>
<testsuite name="quantitymeasurement.QuantityMeasurementTest" tests="1" skipped="0" failures="0" errors="0" timestamp="2021-11-02T19:53:27" hostname="DESKTOP-U9VT6NQ" time="0.111">
  <properties/>
  <testcase name="given1000GramAnd1Kilogram_WhenCompared_ShouldReturnEqualWeight()" classname="quantitymeasurement.QuantityMeasurementTest" time="0.111"/>
  <system-out><![CDATA[]]></system-out>
  <system-err><![CDATA[]]></system-err>
</testsuite>
