<?xml version="1.0" encoding="UTF-8"?>
<testsuite name="quantitymeasurement.QuantityMeasurementTest" tests="1" skipped="0" failures="0" errors="0" timestamp="2021-11-02T19:49:23" hostname="DESKTOP-U9VT6NQ" time="0.094">
  <properties/>
  <testcase name="given1KilogramAnd1000Gram_WhenCompared_ShouldReturnEqualWeight()" classname="quantitymeasurement.QuantityMeasurementTest" time="0.094"/>
  <system-out><![CDATA[]]></system-out>
  <system-err><![CDATA[]]></system-err>
</testsuite>
