<?xml version="1.0" encoding="UTF-8"?>
<testsuite name="quantitymeasurement.QuantityMeasurementTest" tests="1" skipped="0" failures="0" errors="0" timestamp="2021-10-29T14:59:54" hostname="DESKTOP-U9VT6NQ" time="0.12">
  <properties/>
  <testcase name="given1FeetAnd1Inch_ShouldReturnNotEqual()" classname="quantitymeasurement.QuantityMeasurementTest" time="0.12"/>
  <system-out><![CDATA[]]></system-out>
  <system-err><![CDATA[]]></system-err>
</testsuite>
