<?xml version="1.0" encoding="UTF-8"?>
<testsuite name="com.bridgelabz_quantitymeasurement.QuantityMeasurementTest" tests="89" skipped="0" failures="0" errors="0" timestamp="2021-11-08T03:41:14" hostname="DESKTOP-U9VT6NQ" time="1.055">
  <properties/>
  <testcase name="given1YardAnd3Feet_ShouldReturnTrue()" classname="com.bridgelabz_quantitymeasurement.QuantityMeasurementTest" time="0.095"/>
  <testcase name="given0DegCAndNull_ShouldReturnNotEqualTemperature()" classname="com.bridgelabz_quantitymeasurement.QuantityMeasurementTest" time="0.008"/>
  <testcase name="given0FeetAnd0FeetFromDiffRef_ShouldReturnNotSameRef()" classname="com.bridgelabz_quantitymeasurement.QuantityMeasurementTest" time="0.005"/>
  <testcase name="given0GallonAnd1Gallon_ShouldReturnNotEqualVolume()" classname="com.bridgelabz_quantitymeasurement.QuantityMeasurementTest" time="0.003"/>
  <testcase name="given0DegFAndNull_ShouldReturnNotEqualTemperature()" classname="com.bridgelabz_quantitymeasurement.QuantityMeasurementTest" time="0.023"/>
  <testcase name="given36InchAnd1Yard_ShouldReturnTrue()" classname="com.bridgelabz_quantitymeasurement.QuantityMeasurementTest" time="0.003"/>
  <testcase name="given0YardAnd1Yard_ShouldReturnNotEqual()" classname="com.bridgelabz_quantitymeasurement.QuantityMeasurementTest" time="0.057"/>
  <testcase name="given1KilogramAnd1000Gram_WhenCompared_ShouldReturnEqualWeight()" classname="com.bridgelabz_quantitymeasurement.QuantityMeasurementTest" time="0.011"/>
  <testcase name="given1FeetAnd2Inch_WhenAdded_ShouldReturn14Inch()" classname="com.bridgelabz_quantitymeasurement.QuantityMeasurementTest" time="0.004"/>
  <testcase name="given0LitreAnd0LitreFromDiffRef_ShouldReturnNotSameRef()" classname="com.bridgelabz_quantitymeasurement.QuantityMeasurementTest" time="0.003"/>
  <testcase name="given1FeetAnd1Yard_ShouldReturnNotEqual()" classname="com.bridgelabz_quantitymeasurement.QuantityMeasurementTest" time="0.007"/>
  <testcase name="given2InchAnd5Centimeter_ShouldReturnEqualLength()" classname="com.bridgelabz_quantitymeasurement.QuantityMeasurementTest" time="0.006"/>
  <testcase name="given0TonneAndNull_ShouldReturnNotEqualWeight()" classname="com.bridgelabz_quantitymeasurement.QuantityMeasurementTest" time="0.02"/>
  <testcase name="given0CentimeterAnd1Centimeter_ShouldReturnNotEqual()" classname="com.bridgelabz_quantitymeasurement.QuantityMeasurementTest" time="0.009"/>
  <testcase name="given0InchAndNull_ShouldReturnNotEqual()" classname="com.bridgelabz_quantitymeasurement.QuantityMeasurementTest" time="0.014"/>
  <testcase name="given1InchAnd1Yard_ShouldReturnNotEqual()" classname="com.bridgelabz_quantitymeasurement.QuantityMeasurementTest" time="0.003"/>
  <testcase name="given1InchAnd1Centimeter_ShouldReturnNotEqualLength()" classname="com.bridgelabz_quantitymeasurement.QuantityMeasurementTest" time="0.012"/>
  <testcase name="given0DegCAnd1DegC_ShouldReturnNotEqualTemperature()" classname="com.bridgelabz_quantitymeasurement.QuantityMeasurementTest" time="0.013"/>
  <testcase name="given0GramAnd0Gram_ShouldReturnEqualWeight()" classname="com.bridgelabz_quantitymeasurement.QuantityMeasurementTest" time="0.009"/>
  <testcase name="given0InchAnd0Inch_ShouldReturnEqual()" classname="com.bridgelabz_quantitymeasurement.QuantityMeasurementTest" time="0.004"/>
  <testcase name="given0InchAnd1Inch_ShouldReturnNotEqual()" classname="com.bridgelabz_quantitymeasurement.QuantityMeasurementTest" time="0.009"/>
  <testcase name="given5CmAnd2Inch_WhenCompared_ShouldReturnEqualLength()" classname="com.bridgelabz_quantitymeasurement.QuantityMeasurementTest" time="0.003"/>
  <testcase name="given0GallonAnd0GallonFromDiffRef_ShouldReturnNotSameRef()" classname="com.bridgelabz_quantitymeasurement.QuantityMeasurementTest" time="0.002"/>
  <testcase name="given0CentimeterAnd0Centimeter_ShouldReturnEqual()" classname="com.bridgelabz_quantitymeasurement.QuantityMeasurementTest" time="0.002"/>
  <testcase name="given1FeetAnd1Inch_ShouldReturnNotEqualLength()" classname="com.bridgelabz_quantitymeasurement.QuantityMeasurementTest" time="0.037"/>
  <testcase name="given0FeetAnd0Inch_ShouldReturnEqualLength()" classname="com.bridgelabz_quantitymeasurement.QuantityMeasurementTest" time="0.016"/>
  <testcase name="given0DegFAnd0DegFFromDiffRef_ShouldReturnNotEqualTemperature()" classname="com.bridgelabz_quantitymeasurement.QuantityMeasurementTest" time="0.004"/>
  <testcase name="given0DegFAnd1DegF_ShouldReturnNotEqualTemperature()" classname="com.bridgelabz_quantitymeasurement.QuantityMeasurementTest" time="0.007"/>
  <testcase name="given1000GramAnd1Kilogram_WhenCompared_ShouldReturnEqualWeight()" classname="com.bridgelabz_quantitymeasurement.QuantityMeasurementTest" time="0.115"/>
  <testcase name="given0InchAnd0Centimeter_ShouldReturnEqualLength()" classname="com.bridgelabz_quantitymeasurement.QuantityMeasurementTest" time="0.013"/>
  <testcase name="given1FeetAnd12Inch_ShouldReturnEqual()" classname="com.bridgelabz_quantitymeasurement.QuantityMeasurementTest" time="0.002"/>
  <testcase name="given3FeetAnd1Yard_ShouldReturnTrue()" classname="com.bridgelabz_quantitymeasurement.QuantityMeasurementTest" time="0.002"/>
  <testcase name="given0YardAnd0YardFromDiffRef_ShouldReturnNotSameRef()" classname="com.bridgelabz_quantitymeasurement.QuantityMeasurementTest" time="0.004"/>
  <testcase name="given1FeetAnd1Inch_ShouldReturnNotEqual()" classname="com.bridgelabz_quantitymeasurement.QuantityMeasurementTest" time="0.002"/>
  <testcase name="given2InchAnd2$5Cm_WhenAdded_ShouldReturn3Inch()" classname="com.bridgelabz_quantitymeasurement.QuantityMeasurementTest" time="0.003"/>
  <testcase name="given1YardAnd36Inch_ShouldReturnTrue()" classname="com.bridgelabz_quantitymeasurement.QuantityMeasurementTest" time="0.0"/>
  <testcase name="given0TonneAnd0Tonne_ShouldReturnEqualWeight()" classname="com.bridgelabz_quantitymeasurement.QuantityMeasurementTest" time="0.001"/>
  <testcase name="given3$78LiterAnd1Gallon_WhenCompared_ShouldReturnEqualVolume()" classname="com.bridgelabz_quantitymeasurement.QuantityMeasurementTest" time="0.001"/>
  <testcase name="given0DegCAnd0DegCFromDiffRef_ShouldReturnNotEqualTemperature()" classname="com.bridgelabz_quantitymeasurement.QuantityMeasurementTest" time="0.001"/>
  <testcase name="given0GramAnd1Gram_ShouldReturnNotEqualWeight()" classname="com.bridgelabz_quantitymeasurement.QuantityMeasurementTest" time="0.001"/>
  <testcase name="given0GramAnd0Tonne_WhenCompared_ShouldReturnEqualWeight()" classname="com.bridgelabz_quantitymeasurement.QuantityMeasurementTest" time="0.001"/>
  <testcase name="given0InchAnd1Centimeter_ShouldReturnNotEqualLength()" classname="com.bridgelabz_quantitymeasurement.QuantityMeasurementTest" time="0.003"/>
  <testcase name="given0LitreAnd1Litre_ShouldReturnNotEqualVolume()" classname="com.bridgelabz_quantitymeasurement.QuantityMeasurementTest" time="0.006"/>
  <testcase name="given1TonneAnd1000Gram_WhenAdded_ShouldReturn1001KG()" classname="com.bridgelabz_quantitymeasurement.QuantityMeasurementTest" time="0.003"/>
  <testcase name="given1DegCAnd1DegF_WhenCompared_ShouldReturnNotEqualTemperature()" classname="com.bridgelabz_quantitymeasurement.QuantityMeasurementTest" time="0.002"/>
  <testcase name="given1TonneAnd1000Kilogram_WhenCompared_ShouldReturnEqualWeight()" classname="com.bridgelabz_quantitymeasurement.QuantityMeasurementTest" time="0.008"/>
  <testcase name="given1000KilogramAnd1Tonne_WhenCompared_ShouldReturnEqualWeight()" classname="com.bridgelabz_quantitymeasurement.QuantityMeasurementTest" time="0.017"/>
  <testcase name="given0YardAnd0Yard_ShouldReturnEqual()" classname="com.bridgelabz_quantitymeasurement.QuantityMeasurementTest" time="0.002"/>
  <testcase name="given0DegCAnd0DegC_ShouldReturnEqualTemperature()" classname="com.bridgelabz_quantitymeasurement.QuantityMeasurementTest" time="0.008"/>
  <testcase name="given0InchAnd0InchFromDiffRef_ShouldReturnNotSameRef()" classname="com.bridgelabz_quantitymeasurement.QuantityMeasurementTest" time="0.001"/>
  <testcase name="given0GramAndNull_ShouldReturnNotEqualWeight()" classname="com.bridgelabz_quantitymeasurement.QuantityMeasurementTest" time="0.004"/>
  <testcase name="given0FeetAnd1Feet_ShouldReturnNotEqual()" classname="com.bridgelabz_quantitymeasurement.QuantityMeasurementTest" time="0.001"/>
  <testcase name="given0KilogramAnd0Tonne_WhenCompared_ShouldReturnEqualWeight()" classname="com.bridgelabz_quantitymeasurement.QuantityMeasurementTest" time="0.001"/>
  <testcase name="given0GallonAndNull_ShouldReturnNotEqualVolume()" classname="com.bridgelabz_quantitymeasurement.QuantityMeasurementTest" time="0.001"/>
  <testcase name="given0DegFAnd0DegF_ShouldReturnEqualTemperature()" classname="com.bridgelabz_quantitymeasurement.QuantityMeasurementTest" time="0.001"/>
  <testcase name="given0KilogramAndNull_ShouldReturnNotEqualWeight()" classname="com.bridgelabz_quantitymeasurement.QuantityMeasurementTest" time="0.002"/>
  <testcase name="given0LitreAnd0Litre_ShouldReturnEqualVolume()" classname="com.bridgelabz_quantitymeasurement.QuantityMeasurementTest" time="0.002"/>
  <testcase name="given0GramAnd0GramFromDiffRef_ShouldReturnNotEqualWeight()" classname="com.bridgelabz_quantitymeasurement.QuantityMeasurementTest" time="0.004"/>
  <testcase name="given1LiterAnd1000MilliLiter_WhenAdded_ShouldReturn2Liter()" classname="com.bridgelabz_quantitymeasurement.QuantityMeasurementTest" time="0.006"/>
  <testcase name="given1GallonAnd3$78Liter_WhenAdded_ShouldReturn7$56Liter()" classname="com.bridgelabz_quantitymeasurement.QuantityMeasurementTest" time="0.008"/>
  <testcase name="given0KilogramAnd0Gram_WhenCompared_ShouldReturnEqualWeight()" classname="com.bridgelabz_quantitymeasurement.QuantityMeasurementTest" time="0.002"/>
  <testcase name="given0CentimeterAnd0CentimeterFromDiffRef_ShouldReturnNotSameRef()" classname="com.bridgelabz_quantitymeasurement.QuantityMeasurementTest" time="0.004"/>
  <testcase name="given1GramAnd1Tonne_WhenCompared_ShouldReturnNotEqualWeight()" classname="com.bridgelabz_quantitymeasurement.QuantityMeasurementTest" time="0.006"/>
  <testcase name="given0TonneAnd1Tonne_ShouldReturnNotEqualWeight()" classname="com.bridgelabz_quantitymeasurement.QuantityMeasurementTest" time="0.005"/>
  <testcase name="given0FeetAnd0Feet_ShouldReturnEqual()" classname="com.bridgelabz_quantitymeasurement.QuantityMeasurementTest" time="0.0"/>
  <testcase name="given1KilogramAnd1Gram_WhenCompared_ShouldReturnNotEqualWeight()" classname="com.bridgelabz_quantitymeasurement.QuantityMeasurementTest" time="0.001"/>
  <testcase name="given0FeetAndNull_ShouldReturnNotEqual()" classname="com.bridgelabz_quantitymeasurement.QuantityMeasurementTest" time="0.001"/>
  <testcase name="given1GallonAnd3$78Liter_WhenCompared_ShouldReturnEqualVolume()" classname="com.bridgelabz_quantitymeasurement.QuantityMeasurementTest" time="0.009"/>
  <testcase name="given1FeetAnd1Feet_WhenAdded_ShouldReturn24Inch()" classname="com.bridgelabz_quantitymeasurement.QuantityMeasurementTest" time="0.001"/>
  <testcase name="given1LiterAnd1000MilliLiter_WhenCompared_ShouldReturnEqualVolume()" classname="com.bridgelabz_quantitymeasurement.QuantityMeasurementTest" time="0.004"/>
  <testcase name="given0GallonAnd0Liter_WhenCompared_ShouldReturnEqualVolume()" classname="com.bridgelabz_quantitymeasurement.QuantityMeasurementTest" time="0.002"/>
  <testcase name="given0CentimeterAndNull_ShouldReturnNotEqual()" classname="com.bridgelabz_quantitymeasurement.QuantityMeasurementTest" time="0.001"/>
  <testcase name="given0KilogramAnd0KilogramFromDiffRef_ShouldReturnNotEqualWeight()" classname="com.bridgelabz_quantitymeasurement.QuantityMeasurementTest" time="0.003"/>
  <testcase name="given0LitreAndNull_ShouldReturnNotEqualVolume()" classname="com.bridgelabz_quantitymeasurement.QuantityMeasurementTest" time="0.001"/>
  <testcase name="given1KilogramAnd1Tonne_WhenCompared_ShouldReturnNotEqualWeight()" classname="com.bridgelabz_quantitymeasurement.QuantityMeasurementTest" time="0.004"/>
  <testcase name="given212DegFAnd100DegC_WhenCompared_ShouldReturnEqualTemp()" classname="com.bridgelabz_quantitymeasurement.QuantityMeasurementTest" time="0.001"/>
  <testcase name="given0FeetAnd1Inch_ShouldReturnNotEqualLength()" classname="com.bridgelabz_quantitymeasurement.QuantityMeasurementTest" time="0.004"/>
  <testcase name="given1InchAnd1Centimeter_ShouldReturnNotEqual()" classname="com.bridgelabz_quantitymeasurement.QuantityMeasurementTest" time="0.001"/>
  <testcase name="given0KilogramAnd1Kilogram_ShouldReturnNotEqualWeight()" classname="com.bridgelabz_quantitymeasurement.QuantityMeasurementTest" time="0.0"/>
  <testcase name="given0KilogramAnd0Kilogram_ShouldReturnEqualWeight()" classname="com.bridgelabz_quantitymeasurement.QuantityMeasurementTest" time="0.001"/>
  <testcase name="given0DegCAnd0DegF_WhenCompared_ShouldReturnEqualTemperature()" classname="com.bridgelabz_quantitymeasurement.QuantityMeasurementTest" time="0.0"/>
  <testcase name="given100DegCAnd212DegF_WhenCompared_ShouldReturnEqualTemp()" classname="com.bridgelabz_quantitymeasurement.QuantityMeasurementTest" time="0.001"/>
  <testcase name="given1000MilliLiterAnd1Liter_WhenCompared_ShouldReturnEqualVolume()" classname="com.bridgelabz_quantitymeasurement.QuantityMeasurementTest" time="0.001"/>
  <testcase name="given12InchAnd1Feet_WhenCompared_ShouldReturnTrue()" classname="com.bridgelabz_quantitymeasurement.QuantityMeasurementTest" time="0.001"/>
  <testcase name="given0TonneAnd0TonneFromDiffRef_ShouldReturnNotEqualWeight()" classname="com.bridgelabz_quantitymeasurement.QuantityMeasurementTest" time="0.0"/>
  <testcase name="given0GallonAnd0Gallon_ShouldReturnEqualVolume()" classname="com.bridgelabz_quantitymeasurement.QuantityMeasurementTest" time="0.014"/>
  <testcase name="given1GallonAnd1Liter_WhenCompared_ShouldReturnNotEqualVolume()" classname="com.bridgelabz_quantitymeasurement.QuantityMeasurementTest" time="0.0"/>
  <testcase name="given0YardAndNull_ShouldReturnNotEqual()" classname="com.bridgelabz_quantitymeasurement.QuantityMeasurementTest" time="0.002"/>
  <testcase name="given2InchAnd2Inch_WhenAdded_ShouldReturn4Inch()" classname="com.bridgelabz_quantitymeasurement.QuantityMeasurementTest" time="0.001"/>
  <system-out><![CDATA[]]></system-out>
  <system-err><![CDATA[]]></system-err>
</testsuite>
