<?xml version="1.0" encoding="UTF-8"?>
<testsuite name="quantitymeasurement.QuantityMeasurementTest" tests="1" skipped="0" failures="0" errors="0" timestamp="2021-10-29T17:05:57" hostname="DESKTOP-U9VT6NQ" time="0.072">
  <properties/>
  <testcase name="given1FeetAnd12Inch_ShouldReturnEqual()" classname="quantitymeasurement.QuantityMeasurementTest" time="0.072"/>
  <system-out><![CDATA[]]></system-out>
  <system-err><![CDATA[]]></system-err>
</testsuite>
