<?xml version="1.0" encoding="UTF-8"?>
<testsuite name="quantitymeasurement.QuantityMeasurementTest" tests="1" skipped="0" failures="0" errors="0" timestamp="2021-11-02T19:46:07" hostname="DESKTOP-U9VT6NQ" time="0.162">
  <properties/>
  <testcase name="given1GramAnd1Tonne_WhenCompared_ShouldReturnNotEqualWeight()" classname="quantitymeasurement.QuantityMeasurementTest" time="0.162"/>
  <system-out><![CDATA[]]></system-out>
  <system-err><![CDATA[]]></system-err>
</testsuite>
