<?xml version="1.0" encoding="UTF-8"?>
<testsuite name="quantitymeasurement.QuantityMeasurementTest" tests="1" skipped="0" failures="0" errors="0" timestamp="2021-11-02T08:41:53" hostname="DESKTOP-U9VT6NQ" time="0.161">
  <properties/>
  <testcase name="given1GallonAnd3$78Liter_WhenAdded_ShouldReturn7$56Liter()" classname="quantitymeasurement.QuantityMeasurementTest" time="0.161"/>
  <system-out><![CDATA[]]></system-out>
  <system-err><![CDATA[]]></system-err>
</testsuite>
