<?xml version="1.0" encoding="UTF-8"?>
<testsuite name="quantitymeasurement.QuantityMeasurementTest" tests="1" skipped="0" failures="0" errors="0" timestamp="2021-11-02T08:28:17" hostname="DESKTOP-U9VT6NQ" time="0.081">
  <properties/>
  <testcase name="given1GallonAnd3$78Liter_WhenCompared_ShouldReturnEqualVolume()" classname="quantitymeasurement.QuantityMeasurementTest" time="0.081"/>
  <system-out><![CDATA[]]></system-out>
  <system-err><![CDATA[]]></system-err>
</testsuite>
