<?xml version="1.0" encoding="UTF-8"?>
<testsuite name="quantitymeasurement.QuantityMeasurementTest" tests="1" skipped="0" failures="0" errors="0" timestamp="2021-11-02T06:50:12" hostname="DESKTOP-U9VT6NQ" time="0.099">
  <properties/>
  <testcase name="given0GallonAndNull_ShouldReturnNotEqualVolume()" classname="quantitymeasurement.QuantityMeasurementTest" time="0.099"/>
  <system-out><![CDATA[]]></system-out>
  <system-err><![CDATA[]]></system-err>
</testsuite>
