<?xml version="1.0" encoding="UTF-8"?>
<testsuite name="quantitymeasurement.QuantityMeasurementTest" tests="1" skipped="0" failures="0" errors="0" timestamp="2021-10-30T16:56:12" hostname="DESKTOP-U9VT6NQ" time="0.063">
  <properties/>
  <testcase name="given0CentimeterAnd1Centimeter_ShouldReturnNotEqual()" classname="quantitymeasurement.QuantityMeasurementTest" time="0.063"/>
  <system-out><![CDATA[]]></system-out>
  <system-err><![CDATA[]]></system-err>
</testsuite>
