<?xml version="1.0" encoding="UTF-8"?>
<testsuite name="quantitymeasurement.QuantityMeasurementTest" tests="1" skipped="0" failures="0" errors="0" timestamp="2021-10-31T14:38:53" hostname="DESKTOP-U9VT6NQ" time="0.136">
  <properties/>
  <testcase name="given2InchAnd5Centimeter_ShouldReturnEqualLength()" classname="quantitymeasurement.QuantityMeasurementTest" time="0.136"/>
  <system-out><![CDATA[]]></system-out>
  <system-err><![CDATA[]]></system-err>
</testsuite>
