<?xml version="1.0" encoding="UTF-8"?>
<testsuite name="quantitymeasurement.QuantityMeasurementTest" tests="1" skipped="0" failures="0" errors="0" timestamp="2021-11-01T20:06:52" hostname="DESKTOP-U9VT6NQ" time="0.268">
  <properties/>
  <testcase name="given2InchAnd2Inch_WhenAdded_ShouldReturn4Inch()" classname="quantitymeasurement.QuantityMeasurementTest" time="0.268"/>
  <system-out><![CDATA[]]></system-out>
  <system-err><![CDATA[]]></system-err>
</testsuite>
